DEB [20170410-14:59:03.038] thr=1   paramiko.transport: starting thread (client mode): 0x8e52790L
DEB [20170410-14:59:03.038] thr=1   paramiko.transport: Local version/idstring: SSH-2.0-paramiko_2.1.2
DEB [20170410-14:59:03.043] thr=1   paramiko.transport: Remote version/idstring: SSH-2.0-OpenSSH_7.2p2 Ubuntu-4ubuntu2.1
INF [20170410-14:59:03.043] thr=1   paramiko.transport: Connected (version 2.0, client OpenSSH_7.2p2)
DEB [20170410-14:59:03.044] thr=1   paramiko.transport: kex algos:[u'curve25519-sha256@libssh.org', u'ecdh-sha2-nistp256', u'ecdh-sha2-nistp384', u'ecdh-sha2-nistp521', u'diffie-hellman-group-exchange-sha256', u'diffie-hellman-group14-sha1'] server key:[u'ssh-rsa', u'rsa-sha2-512', u'rsa-sha2-256', u'ecdsa-sha2-nistp256', u'ssh-ed25519'] client encrypt:[u'chacha20-poly1305@openssh.com', u'aes128-ctr', u'aes192-ctr', u'aes256-ctr', u'aes128-gcm@openssh.com', u'aes256-gcm@openssh.com'] server encrypt:[u'chacha20-poly1305@openssh.com', u'aes128-ctr', u'aes192-ctr', u'aes256-ctr', u'aes128-gcm@openssh.com', u'aes256-gcm@openssh.com'] client mac:[u'umac-64-etm@openssh.com', u'umac-128-etm@openssh.com', u'hmac-sha2-256-etm@openssh.com', u'hmac-sha2-512-etm@openssh.com', u'hmac-sha1-etm@openssh.com', u'umac-64@openssh.com', u'umac-128@openssh.com', u'hmac-sha2-256', u'hmac-sha2-512', u'hmac-sha1'] server mac:[u'umac-64-etm@openssh.com', u'umac-128-etm@openssh.com', u'hmac-sha2-256-etm@openssh.com', u'hmac-sha2-512-etm@openssh.com', u'hmac-sha1-etm@openssh.com', u'umac-64@openssh.com', u'umac-128@openssh.com', u'hmac-sha2-256', u'hmac-sha2-512', u'hmac-sha1'] client compress:[u'none', u'zlib@openssh.com'] server compress:[u'none', u'zlib@openssh.com'] client lang:[u''] server lang:[u''] kex follows?False
DEB [20170410-14:59:03.044] thr=1   paramiko.transport: Kex agreed: diffie-hellman-group14-sha1
DEB [20170410-14:59:03.045] thr=1   paramiko.transport: Cipher agreed: aes128-ctr
DEB [20170410-14:59:03.045] thr=1   paramiko.transport: MAC agreed: hmac-sha2-256
DEB [20170410-14:59:03.045] thr=1   paramiko.transport: Compression agreed: none
DEB [20170410-14:59:03.100] thr=1   paramiko.transport: kex engine KexGroup14 specified hash_algo <built-in function openssl_sha1>
DEB [20170410-14:59:03.101] thr=1   paramiko.transport: Switch to new keys ...
DEB [20170410-14:59:03.441] thr=2   paramiko.transport: Trying SSH agent key c8a327a971c76b440b873688cefcb558
DEB [20170410-14:59:03.441] thr=1   paramiko.transport: userauth is OK
INF [20170410-14:59:03.444] thr=1   paramiko.transport: Authentication (publickey) failed.
DEB [20170410-14:59:03.445] thr=2   paramiko.transport: Trying SSH agent key 7c4ab887f020f0b33ebe1167d9ea4c97
DEB [20170410-14:59:03.445] thr=1   paramiko.transport: userauth is OK
INF [20170410-14:59:03.453] thr=1   paramiko.transport: Authentication (publickey) successful!
DEB [20170410-14:59:03.454] thr=2   paramiko.transport: [chan 0] Max packet in: 32768 bytes
DEB [20170410-14:59:03.540] thr=1   paramiko.transport: Received global request "hostkeys-00@openssh.com"
DEB [20170410-14:59:03.541] thr=1   paramiko.transport: Rejecting "hostkeys-00@openssh.com" global request from server.
DEB [20170410-14:59:03.580] thr=1   paramiko.transport: [chan 0] Max packet out: 32768 bytes
DEB [20170410-14:59:03.581] thr=1   paramiko.transport: Secsh channel 0 opened.
DEB [20170410-14:59:03.588] thr=1   paramiko.transport: [chan 0] Sesch channel 0 request ok
DEB [20170410-14:59:03.590] thr=1   paramiko.transport: [chan 0] EOF received (0)
DEB [20170410-14:59:03.590] thr=1   paramiko.transport: [chan 0] EOF sent (0)
DEB [20170410-14:59:03.690] thr=1   paramiko.transport: EOF in transport thread
